0 info it worked if it ends with ok
1 verbose cli [ 'node', '/usr/local/bin/npm', 'install', 'harp' ]
2 info using npm@2.5.1
3 info using node@v0.12.0
4 silly cache add args [ 'harp@*', null ]
5 verbose cache add spec harp@*
6 silly cache add parsed spec { raw: 'harp@*',
6 silly cache add   scope: null,
6 silly cache add   name: 'harp',
6 silly cache add   rawSpec: '*',
6 silly cache add   spec: '*',
6 silly cache add   type: 'range' }
7 verbose addNamed harp@*
8 silly addNamed semver.valid null
9 silly addNamed semver.validRange *
10 silly addNameRange { name: 'harp', range: '*', hasData: false }
11 silly mapToRegistry name harp
12 silly mapToRegistry using default registry
13 silly mapToRegistry registry https://registry.npmjs.org/
14 silly mapToRegistry uri https://registry.npmjs.org/harp
15 verbose addNameRange registry:https://registry.npmjs.org/harp not in flight; fetching
16 verbose request uri https://registry.npmjs.org/harp
17 verbose request no auth needed
18 info attempt registry request try #1 at 4:16:51 PM
19 verbose request id 9dbc4e147fe2e1f2
20 verbose etag "7WII6I7M7QMBCW2U8O9OSULH7"
21 http request GET https://registry.npmjs.org/harp
22 http 304 https://registry.npmjs.org/harp
23 silly get cb [ 304,
23 silly get   { date: 'Mon, 02 Mar 2015 16:17:22 GMT',
23 silly get     server: 'Apache',
23 silly get     via: '1.1 varnish',
23 silly get     'last-modified': 'Mon, 02 Mar 2015 16:17:22 GMT',
23 silly get     'cache-control': 'max-age=60',
23 silly get     etag: '"7WII6I7M7QMBCW2U8O9OSULH7"',
23 silly get     age: '0',
23 silly get     'x-served-by': 'cache-lcy1125-LCY',
23 silly get     'x-cache': 'MISS',
23 silly get     'x-cache-hits': '0',
23 silly get     'x-timer': 'S1425313042.445165,VS0,VE328',
23 silly get     vary: 'Accept',
23 silly get     'content-length': '0',
23 silly get     'keep-alive': 'timeout=10, max=50',
23 silly get     connection: 'Keep-Alive' } ]
24 verbose etag https://registry.npmjs.org/harp from cache
25 verbose get saving harp to /Users/dbreuer83/.npm/registry.npmjs.org/harp/.cache.json
26 silly addNameRange number 2 { name: 'harp', range: '*', hasData: true }
27 silly addNameRange versions [ 'harp',
27 silly addNameRange   [ '0.1.0',
27 silly addNameRange     '0.2.0',
27 silly addNameRange     '0.2.1',
27 silly addNameRange     '0.2.2',
27 silly addNameRange     '0.2.3',
27 silly addNameRange     '0.2.4',
27 silly addNameRange     '0.2.5',
27 silly addNameRange     '0.2.6',
27 silly addNameRange     '0.3.0',
27 silly addNameRange     '0.3.1',
27 silly addNameRange     '0.3.2',
27 silly addNameRange     '0.3.3',
27 silly addNameRange     '0.3.4',
27 silly addNameRange     '0.3.5',
27 silly addNameRange     '0.3.6',
27 silly addNameRange     '0.4.0',
27 silly addNameRange     '0.4.1',
27 silly addNameRange     '0.4.2',
27 silly addNameRange     '0.4.3',
27 silly addNameRange     '0.4.4',
27 silly addNameRange     '0.4.5',
27 silly addNameRange     '0.5.0',
27 silly addNameRange     '0.5.1',
27 silly addNameRange     '0.5.2',
27 silly addNameRange     '0.5.3',
27 silly addNameRange     '0.5.4',
27 silly addNameRange     '0.5.5',
27 silly addNameRange     '0.5.6',
27 silly addNameRange     '0.6.0',
27 silly addNameRange     '0.6.1',
27 silly addNameRange     '0.6.2',
27 silly addNameRange     '0.7.0',
27 silly addNameRange     '0.7.1',
27 silly addNameRange     '0.7.2',
27 silly addNameRange     '0.7.3',
27 silly addNameRange     '0.7.4',
27 silly addNameRange     '0.7.5',
27 silly addNameRange     '0.7.6',
27 silly addNameRange     '0.7.7',
27 silly addNameRange     '0.7.8',
27 silly addNameRange     '0.7.9',
27 silly addNameRange     '0.7.10',
27 silly addNameRange     '0.8.0',
27 silly addNameRange     '0.8.1',
27 silly addNameRange     '0.8.2',
27 silly addNameRange     '0.8.3',
27 silly addNameRange     '0.8.4',
27 silly addNameRange     '0.8.5',
27 silly addNameRange     '0.8.6',
27 silly addNameRange     '0.8.7',
27 silly addNameRange     '0.8.8',
27 silly addNameRange     '0.8.9',
27 silly addNameRange     '0.8.10',
27 silly addNameRange     '0.8.11',
27 silly addNameRange     '0.8.12',
27 silly addNameRange     '0.8.13',
27 silly addNameRange     '0.9.0',
27 silly addNameRange     '0.9.1',
27 silly addNameRange     '0.9.2',
27 silly addNameRange     '0.9.3',
27 silly addNameRange     '0.9.4',
27 silly addNameRange     '0.9.5',
27 silly addNameRange     '0.10.0',
27 silly addNameRange     '0.10.1',
27 silly addNameRange     '0.11.0',
27 silly addNameRange     '0.11.1',
27 silly addNameRange     '0.11.2',
27 silly addNameRange     '0.12.0',
27 silly addNameRange     '0.12.1',
27 silly addNameRange     '0.13.0',
27 silly addNameRange     '0.14.0',
27 silly addNameRange     '0.15.0',
27 silly addNameRange     '0.15.1',
27 silly addNameRange     '0.15.2' ] ]
28 verbose addNamed harp@0.15.2
29 silly addNamed semver.valid 0.15.2
30 silly addNamed semver.validRange 0.15.2
31 silly cache afterAdd harp@0.15.2
32 verbose afterAdd /Users/dbreuer83/.npm/harp/0.15.2/package/package.json not in flight; writing
33 verbose afterAdd /Users/dbreuer83/.npm/harp/0.15.2/package/package.json written
34 silly install resolved [ { name: 'harp',
34 silly install resolved     version: '0.15.2',
34 silly install resolved     description: 'Static web server with built in preprocessing',
34 silly install resolved     author: { name: 'Brock Whitten', email: 'brock@chloi.io' },
34 silly install resolved     contributors:
34 silly install resolved      [ [Object],
34 silly install resolved        [Object],
34 silly install resolved        [Object],
34 silly install resolved        [Object],
34 silly install resolved        [Object],
34 silly install resolved        [Object],
34 silly install resolved        [Object],
34 silly install resolved        [Object],
34 silly install resolved        [Object],
34 silly install resolved        [Object],
34 silly install resolved        [Object],
34 silly install resolved        [Object],
34 silly install resolved        [Object],
34 silly install resolved        [Object],
34 silly install resolved        [Object] ],
34 silly install resolved     keywords:
34 silly install resolved      [ 'static web server',
34 silly install resolved        'static site generator',
34 silly install resolved        'sass',
34 silly install resolved        'less',
34 silly install resolved        'stylus',
34 silly install resolved        'markdown',
34 silly install resolved        'jade',
34 silly install resolved        'ejs',
34 silly install resolved        'coffeescript' ],
34 silly install resolved     homepage: 'http://harpjs.com',
34 silly install resolved     bugs: { url: 'http://github.com/sintaxi/harp/issues' },
34 silly install resolved     main: './lib/index.js',
34 silly install resolved     repository: { type: 'git', url: 'https://github.com/sintaxi/harp.git' },
34 silly install resolved     dependencies:
34 silly install resolved      { terraform: '0.10.3',
34 silly install resolved        commander: '2.0.0',
34 silly install resolved        connect: '2.9.0',
34 silly install resolved        'fs-extra': '0.6.4',
34 silly install resolved        async: '0.2.9',
34 silly install resolved        mime: '1.2.11',
34 silly install resolved        'download-github-repo': '0.1.3',
34 silly install resolved        'envy-json': '0.2.0' },
34 silly install resolved     devDependencies:
34 silly install resolved      { mocha: '1.8.1',
34 silly install resolved        should: '3.1.2',
34 silly install resolved        request: '2.30.0',
34 silly install resolved        cheerio: '~0.13.1',
34 silly install resolved        nixt: '~0.3.0' },
34 silly install resolved     scripts: { test: 'mocha --reporter spec -t 5000' },
34 silly install resolved     license: 'MIT',
34 silly install resolved     preferGlobal: true,
34 silly install resolved     bin: { harp: './bin/harp' },
34 silly install resolved     engines: { node: '>=0.10' },
34 silly install resolved     gitHead: '689be043c6b8b6aa41cb6b8880a31c502df2c2f9',
34 silly install resolved     _id: 'harp@0.15.2',
34 silly install resolved     _shasum: '9303f06a7ffb43ed7d5432944d8b784408c7c69f',
34 silly install resolved     _from: 'harp@*',
34 silly install resolved     _npmVersion: '2.5.1',
34 silly install resolved     _nodeVersion: '0.12.0',
34 silly install resolved     _npmUser: { name: 'sintaxi', email: 'brock@sintaxi.com' },
34 silly install resolved     maintainers: [ [Object] ],
34 silly install resolved     dist:
34 silly install resolved      { shasum: '9303f06a7ffb43ed7d5432944d8b784408c7c69f',
34 silly install resolved        tarball: 'http://registry.npmjs.org/harp/-/harp-0.15.2.tgz' },
34 silly install resolved     directories: {},
34 silly install resolved     _resolved: 'https://registry.npmjs.org/harp/-/harp-0.15.2.tgz',
34 silly install resolved     readme: 'ERROR: No README data found!' } ]
35 info install harp@0.15.2 into /Users/dbreuer83/Documents/Develop/anita
36 info installOne harp@0.15.2
37 verbose installOne of harp to /Users/dbreuer83/Documents/Develop/anita not in flight; installing
38 warn locking Error: EACCES, open '/Users/dbreuer83/.npm/_locks/harp-0f996158363365f2.lock'
38 warn locking     at Error (native)
38 warn locking  /Users/dbreuer83/.npm/_locks/harp-0f996158363365f2.lock failed { [Error: EACCES, open '/Users/dbreuer83/.npm/_locks/harp-0f996158363365f2.lock']
38 warn locking   errno: -13,
38 warn locking   code: 'EACCES',
38 warn locking   path: '/Users/dbreuer83/.npm/_locks/harp-0f996158363365f2.lock' }
39 verbose stack Error: Attempt to unlock /Users/dbreuer83/Documents/Develop/anita/node_modules/harp, which hasn't been locked
39 verbose stack     at unlock (/usr/local/lib/node_modules/npm/lib/utils/locker.js:66:11)
39 verbose stack     at cb (/usr/local/lib/node_modules/npm/lib/install.js:929:5)
39 verbose stack     at /usr/local/lib/node_modules/npm/lib/install.js:933:20
39 verbose stack     at /usr/local/lib/node_modules/npm/lib/utils/locker.js:40:9
39 verbose stack     at cb (/usr/local/lib/node_modules/npm/node_modules/lockfile/lockfile.js:149:38)
39 verbose stack     at /usr/local/lib/node_modules/npm/node_modules/lockfile/lockfile.js:177:38
39 verbose stack     at FSReqWrap.oncomplete (fs.js:99:15)
40 verbose cwd /Users/dbreuer83/Documents/Develop/anita
41 error Darwin 14.1.0
42 error argv "node" "/usr/local/bin/npm" "install" "harp"
43 error node v0.12.0
44 error npm  v2.5.1
45 error Attempt to unlock /Users/dbreuer83/Documents/Develop/anita/node_modules/harp, which hasn't been locked
46 error If you need help, you may report this error at:
46 error     <http://github.com/npm/npm/issues>
47 verbose exit [ 1, true ]
